[debug] [2022-11-26T06:30:10.225Z] ----------------------------------------------------------------------
[debug] [2022-11-26T06:30:10.229Z] Command:       C:\Program Files\nodejs\node.exe C:\Users\USER\AppData\Roaming\npm\node_modules\firebase-tools\lib\bin\firebase.js init
[debug] [2022-11-26T06:30:10.230Z] CLI Version:   11.8.0
[debug] [2022-11-26T06:30:10.230Z] Platform:      win32
[debug] [2022-11-26T06:30:10.231Z] Node Version:  v16.15.0
[debug] [2022-11-26T06:30:10.232Z] Time:          Sat Nov 26 2022 12:00:10 GMT+0530 (India Standard Time)
[debug] [2022-11-26T06:30:10.233Z] ----------------------------------------------------------------------
[debug] 
[debug] [2022-11-26T06:30:10.245Z] > command requires scopes: ["email","openid","https://www.googleapis.com/auth/cloudplatformprojects.readonly","https://www.googleapis.com/auth/firebase","https://www.googleapis.com/auth/cloud-platform"]
[debug] [2022-11-26T06:30:10.246Z] > authorizing via signed-in user (sathhyanbs@gmail.com)
[info] 
     ######## #### ########  ######## ########     ###     ######  ########
     ##        ##  ##     ## ##       ##     ##  ##   ##  ##       ##
     ######    ##  ########  ######   ########  #########  ######  ######
     ##        ##  ##    ##  ##       ##     ## ##     ##       ## ##
     ##       #### ##     ## ######## ########  ##     ##  ######  ########

You're about to initialize a Firebase project in this directory:

  D:\v\lakshmiCoco

[info] 
=== Project Setup
[info] 
[info] First, let's associate this project directory with a Firebase project.
[info] You can create multiple project aliases by running firebase use --add, 
[info] but for now we'll just set up a default project.
[info] 
[debug] [2022-11-26T06:31:22.374Z] >>> [apiv2][query] GET https://firebase.googleapis.com/v1beta1/projects pageSize=100
[debug] [2022-11-26T06:31:23.103Z] <<< [apiv2][status] GET https://firebase.googleapis.com/v1beta1/projects 200
[debug] [2022-11-26T06:31:23.104Z] <<< [apiv2][body] GET https://firebase.googleapis.com/v1beta1/projects [omitted]
[info] i  Using project lakshmicocopith-14e47 (LakshmiCocoPith) 
[info] 
=== Database Setup
[info] i  database: ensuring required API firebasedatabase.googleapis.com is enabled... 
[debug] [2022-11-26T06:31:27.272Z] >>> [apiv2][query] GET https://serviceusage.googleapis.com/v1/projects/lakshmicocopith-14e47/services/firebasedatabase.googleapis.com [none]
[debug] [2022-11-26T06:31:28.963Z] <<< [apiv2][status] GET https://serviceusage.googleapis.com/v1/projects/lakshmicocopith-14e47/services/firebasedatabase.googleapis.com 200
[debug] [2022-11-26T06:31:28.964Z] <<< [apiv2][body] GET https://serviceusage.googleapis.com/v1/projects/lakshmicocopith-14e47/services/firebasedatabase.googleapis.com [omitted]
[warn] !  database: missing required API firebasedatabase.googleapis.com. Enabling now... 
[debug] [2022-11-26T06:31:28.965Z] >>> [apiv2][query] POST https://serviceusage.googleapis.com/v1/projects/lakshmicocopith-14e47/services/firebasedatabase.googleapis.com:enable [none]
[debug] [2022-11-26T06:31:30.823Z] <<< [apiv2][status] POST https://serviceusage.googleapis.com/v1/projects/lakshmicocopith-14e47/services/firebasedatabase.googleapis.com:enable 200
[debug] [2022-11-26T06:31:30.823Z] <<< [apiv2][body] POST https://serviceusage.googleapis.com/v1/projects/lakshmicocopith-14e47/services/firebasedatabase.googleapis.com:enable [omitted]
[debug] [2022-11-26T06:31:40.825Z] >>> [apiv2][query] GET https://serviceusage.googleapis.com/v1/projects/lakshmicocopith-14e47/services/firebasedatabase.googleapis.com [none]
[debug] [2022-11-26T06:31:42.436Z] <<< [apiv2][status] GET https://serviceusage.googleapis.com/v1/projects/lakshmicocopith-14e47/services/firebasedatabase.googleapis.com 200
[debug] [2022-11-26T06:31:42.436Z] <<< [apiv2][body] GET https://serviceusage.googleapis.com/v1/projects/lakshmicocopith-14e47/services/firebasedatabase.googleapis.com [omitted]
[info] +  database: required API firebasedatabase.googleapis.com is enabled 
[info] 
[debug] [2022-11-26T06:31:42.480Z] >>> [apiv2][query] GET https://firebase.googleapis.com/v1beta1/projects/lakshmicocopith-14e47 [none]
[debug] [2022-11-26T06:31:42.881Z] <<< [apiv2][status] GET https://firebase.googleapis.com/v1beta1/projects/lakshmicocopith-14e47 200
[debug] [2022-11-26T06:31:42.881Z] <<< [apiv2][body] GET https://firebase.googleapis.com/v1beta1/projects/lakshmicocopith-14e47 {"projectId":"lakshmicocopith-14e47","projectNumber":"336325778717","displayName":"LakshmiCocoPith","name":"projects/lakshmicocopith-14e47","resources":{"hostingSite":"lakshmicocopith-14e47","storageBucket":"lakshmicocopith-14e47.appspot.com","locationId":"us-central"},"state":"ACTIVE","etag":"1_66c640e8-53d0-45fe-b5d8-c3134a75c1ae"}
[debug] [2022-11-26T06:32:09.179Z] >>> [apiv2][query] POST https://firebasedatabase.googleapis.com/v1beta/projects/lakshmicocopith-14e47/locations/asia-southeast1/instances databaseId=lakshmicocopith-14e47-default-rtdb&validateOnly=true
[debug] [2022-11-26T06:32:09.180Z] >>> [apiv2][body] POST https://firebasedatabase.googleapis.com/v1beta/projects/lakshmicocopith-14e47/locations/asia-southeast1/instances {"type":"default_database"}
[debug] [2022-11-26T06:32:10.284Z] <<< [apiv2][status] POST https://firebasedatabase.googleapis.com/v1beta/projects/lakshmicocopith-14e47/locations/asia-southeast1/instances 200
[debug] [2022-11-26T06:32:10.284Z] <<< [apiv2][body] POST https://firebasedatabase.googleapis.com/v1beta/projects/lakshmicocopith-14e47/locations/asia-southeast1/instances {"name":"projects/336325778717/locations/asia-southeast1/instances/lakshmicocopith-14e47-default-rtdb","project":"projects/336325778717","databaseUrl":"https://lakshmicocopith-14e47-default-rtdb.asia-southeast1.firebasedatabase.app","type":"DEFAULT_DATABASE","state":"ACTIVE"}
[debug] [2022-11-26T06:32:10.290Z] >>> [apiv2][query] POST https://firebasedatabase.googleapis.com/v1beta/projects/lakshmicocopith-14e47/locations/asia-southeast1/instances databaseId=lakshmicocopith-14e47-default-rtdb
[debug] [2022-11-26T06:32:10.291Z] >>> [apiv2][body] POST https://firebasedatabase.googleapis.com/v1beta/projects/lakshmicocopith-14e47/locations/asia-southeast1/instances {"type":"default_database"}
[debug] [2022-11-26T06:32:11.668Z] <<< [apiv2][status] POST https://firebasedatabase.googleapis.com/v1beta/projects/lakshmicocopith-14e47/locations/asia-southeast1/instances 200
[debug] [2022-11-26T06:32:11.669Z] <<< [apiv2][body] POST https://firebasedatabase.googleapis.com/v1beta/projects/lakshmicocopith-14e47/locations/asia-southeast1/instances {"name":"projects/336325778717/locations/asia-southeast1/instances/lakshmicocopith-14e47-default-rtdb","project":"projects/336325778717","databaseUrl":"https://lakshmicocopith-14e47-default-rtdb.asia-southeast1.firebasedatabase.app","type":"DEFAULT_DATABASE","state":"ACTIVE"}
[info] 
[info] Firebase Realtime Database Security Rules allow you to define how your data should be
[info] structured and when your data can be read from and written to.
[info] 
[debug] [2022-11-26T06:32:22.793Z] >>> [apiv2][query] GET https://lakshmicocopith-14e47-default-rtdb.asia-southeast1.firebasedatabase.app/.settings/rules.json [none]
[debug] [2022-11-26T06:32:24.505Z] <<< [apiv2][status] GET https://lakshmicocopith-14e47-default-rtdb.asia-southeast1.firebasedatabase.app/.settings/rules.json 200
[debug] [2022-11-26T06:32:24.505Z] <<< [apiv2][body] GET https://lakshmicocopith-14e47-default-rtdb.asia-southeast1.firebasedatabase.app/.settings/rules.json [stream]
[info] +  Database Rules for lakshmicocopith-14e47-default-rtdb have been written to database.rules.json. 
[info] Future modifications to database.rules.json will update Realtime Database Security Rules when you run
[info] firebase deploy.
[info] 
=== Firestore Setup
[debug] [2022-11-26T06:32:24.514Z] >>> [apiv2][query] GET https://serviceusage.googleapis.com/v1/projects/lakshmicocopith-14e47/services/firestore.googleapis.com [none]
[debug] [2022-11-26T06:32:26.134Z] <<< [apiv2][status] GET https://serviceusage.googleapis.com/v1/projects/lakshmicocopith-14e47/services/firestore.googleapis.com 200
[debug] [2022-11-26T06:32:26.134Z] <<< [apiv2][body] GET https://serviceusage.googleapis.com/v1/projects/lakshmicocopith-14e47/services/firestore.googleapis.com [omitted]
[debug] [2022-11-26T06:32:26.136Z] >>> [apiv2][query] GET https://appengine.googleapis.com/v1/apps/lakshmicocopith-14e47 [none]
[debug] [2022-11-26T06:32:26.869Z] <<< [apiv2][status] GET https://appengine.googleapis.com/v1/apps/lakshmicocopith-14e47 200
[debug] [2022-11-26T06:32:26.869Z] <<< [apiv2][body] GET https://appengine.googleapis.com/v1/apps/lakshmicocopith-14e47 {"name":"apps/lakshmicocopith-14e47","id":"lakshmicocopith-14e47","authDomain":"gmail.com","locationId":"us-central","codeBucket":"staging.lakshmicocopith-14e47.appspot.com","servingStatus":"SERVING","defaultHostname":"lakshmicocopith-14e47.uc.r.appspot.com","defaultBucket":"lakshmicocopith-14e47.appspot.com","serviceAccount":"lakshmicocopith-14e47@appspot.gserviceaccount.com","gcrDomain":"us.gcr.io","databaseType":"CLOUD_FIRESTORE","featureSettings":{"splitHealthChecks":true,"useContainerOptimizedOs":true}}
[debug] [2022-11-26T06:32:26.870Z] database_type: CLOUD_FIRESTORE
[debug] [2022-11-26T06:32:26.870Z] > command requires scopes: ["email","openid","https://www.googleapis.com/auth/cloudplatformprojects.readonly","https://www.googleapis.com/auth/firebase","https://www.googleapis.com/auth/cloud-platform"]
[debug] [2022-11-26T06:32:26.871Z] > authorizing via signed-in user (sathhyanbs@gmail.com)
[debug] [2022-11-26T06:32:26.871Z] [iam] checking project lakshmicocopith-14e47 for permissions ["firebase.projects.get"]
[debug] [2022-11-26T06:32:26.871Z] >>> [apiv2][query] POST https://cloudresourcemanager.googleapis.com/v1/projects/lakshmicocopith-14e47:testIamPermissions [none]
[debug] [2022-11-26T06:32:26.872Z] >>> [apiv2][(partial)header] POST https://cloudresourcemanager.googleapis.com/v1/projects/lakshmicocopith-14e47:testIamPermissions x-goog-quota-user=projects/lakshmicocopith-14e47
[debug] [2022-11-26T06:32:26.872Z] >>> [apiv2][body] POST https://cloudresourcemanager.googleapis.com/v1/projects/lakshmicocopith-14e47:testIamPermissions {"permissions":["firebase.projects.get"]}
[debug] [2022-11-26T06:32:28.150Z] <<< [apiv2][status] POST https://cloudresourcemanager.googleapis.com/v1/projects/lakshmicocopith-14e47:testIamPermissions 200
[debug] [2022-11-26T06:32:28.151Z] <<< [apiv2][body] POST https://cloudresourcemanager.googleapis.com/v1/projects/lakshmicocopith-14e47:testIamPermissions {"permissions":["firebase.projects.get"]}
[info] 
[info] Firestore Security Rules allow you to define how and when to allow
[info] requests. You can keep these rules in your project directory
[info] and publish them with firebase deploy.
[info] 
[debug] [2022-11-26T06:32:33.120Z] >>> [apiv2][query] GET https://firebaserules.googleapis.com/v1/projects/lakshmicocopith-14e47/releases pageSize=10&pageToken=
[debug] [2022-11-26T06:32:34.521Z] <<< [apiv2][status] GET https://firebaserules.googleapis.com/v1/projects/lakshmicocopith-14e47/releases 200
[debug] [2022-11-26T06:32:34.521Z] <<< [apiv2][body] GET https://firebaserules.googleapis.com/v1/projects/lakshmicocopith-14e47/releases {"releases":[{"name":"projects/lakshmicocopith-14e47/releases/cloud.firestore","rulesetName":"projects/lakshmicocopith-14e47/rulesets/d4149dce-542b-49db-aa30-0d7138f44815","createTime":"2022-09-01T18:19:45.427113Z","updateTime":"2022-11-26T06:28:06.593988Z"}]}
[debug] [2022-11-26T06:32:34.521Z] Found ruleset: projects/lakshmicocopith-14e47/rulesets/d4149dce-542b-49db-aa30-0d7138f44815
[debug] [2022-11-26T06:32:34.522Z] >>> [apiv2][query] GET https://firebaserules.googleapis.com/v1/projects/lakshmicocopith-14e47/rulesets/d4149dce-542b-49db-aa30-0d7138f44815 [none]
[debug] [2022-11-26T06:32:35.869Z] <<< [apiv2][status] GET https://firebaserules.googleapis.com/v1/projects/lakshmicocopith-14e47/rulesets/d4149dce-542b-49db-aa30-0d7138f44815 200
[debug] [2022-11-26T06:32:35.869Z] <<< [apiv2][body] GET https://firebaserules.googleapis.com/v1/projects/lakshmicocopith-14e47/rulesets/d4149dce-542b-49db-aa30-0d7138f44815 [omitted]
[info] 
[info] Firestore indexes allow you to perform complex queries while
[info] maintaining performance that scales with the size of the result
[info] set. You can keep index definitions in your project directory
[info] and publish them with firebase deploy.
[info] 
[debug] [2022-11-26T06:32:40.240Z] >>> [apiv2][query] GET https://firestore.googleapis.com/v1/projects/lakshmicocopith-14e47/databases/(default)/collectionGroups/-/indexes [none]
[debug] [2022-11-26T06:32:40.242Z] >>> [apiv2][query] GET https://firestore.googleapis.com/v1/projects/lakshmicocopith-14e47/databases/(default)/collectionGroups/-/fields?filter=indexConfig.usesAncestorConfig=false [none]
[debug] [2022-11-26T06:32:41.870Z] <<< [apiv2][status] GET https://firestore.googleapis.com/v1/projects/lakshmicocopith-14e47/databases/(default)/collectionGroups/-/fields?filter=indexConfig.usesAncestorConfig=false 200
[debug] [2022-11-26T06:32:41.870Z] <<< [apiv2][body] GET https://firestore.googleapis.com/v1/projects/lakshmicocopith-14e47/databases/(default)/collectionGroups/-/fields?filter=indexConfig.usesAncestorConfig=false {"fields":[{"name":"projects/lakshmicocopith-14e47/databases/(default)/collectionGroups/__default__/fields/*","indexConfig":{"indexes":[{"queryScope":"COLLECTION","fields":[{"fieldPath":"*","order":"ASCENDING"}],"state":"READY"},{"queryScope":"COLLECTION","fields":[{"fieldPath":"*","order":"DESCENDING"}],"state":"READY"},{"queryScope":"COLLECTION","fields":[{"fieldPath":"*","arrayConfig":"CONTAINS"}],"state":"READY"}]}}]}
[debug] [2022-11-26T06:32:41.895Z] <<< [apiv2][status] GET https://firestore.googleapis.com/v1/projects/lakshmicocopith-14e47/databases/(default)/collectionGroups/-/indexes 200
[debug] [2022-11-26T06:32:41.896Z] <<< [apiv2][body] GET https://firestore.googleapis.com/v1/projects/lakshmicocopith-14e47/databases/(default)/collectionGroups/-/indexes {}
[info] 
=== Functions Setup
[info] 
[info] A functions directory will be created in your project with sample code
[info] pre-configured. Functions can be deployed with firebase deploy.
[info] 
[debug] [2022-11-26T06:32:41.902Z] > command requires scopes: ["email","openid","https://www.googleapis.com/auth/cloudplatformprojects.readonly","https://www.googleapis.com/auth/firebase","https://www.googleapis.com/auth/cloud-platform"]
[debug] [2022-11-26T06:32:41.902Z] > authorizing via signed-in user (sathhyanbs@gmail.com)
[debug] [2022-11-26T06:32:41.902Z] [iam] checking project lakshmicocopith-14e47 for permissions ["firebase.projects.get"]
[debug] [2022-11-26T06:32:41.903Z] >>> [apiv2][query] POST https://cloudresourcemanager.googleapis.com/v1/projects/lakshmicocopith-14e47:testIamPermissions [none]
[debug] [2022-11-26T06:32:41.903Z] >>> [apiv2][(partial)header] POST https://cloudresourcemanager.googleapis.com/v1/projects/lakshmicocopith-14e47:testIamPermissions x-goog-quota-user=projects/lakshmicocopith-14e47
[debug] [2022-11-26T06:32:41.903Z] >>> [apiv2][body] POST https://cloudresourcemanager.googleapis.com/v1/projects/lakshmicocopith-14e47:testIamPermissions {"permissions":["firebase.projects.get"]}
[debug] [2022-11-26T06:32:43.191Z] <<< [apiv2][status] POST https://cloudresourcemanager.googleapis.com/v1/projects/lakshmicocopith-14e47:testIamPermissions 200
[debug] [2022-11-26T06:32:43.191Z] <<< [apiv2][body] POST https://cloudresourcemanager.googleapis.com/v1/projects/lakshmicocopith-14e47:testIamPermissions {"permissions":["firebase.projects.get"]}
[debug] [2022-11-26T06:32:43.192Z] >>> [apiv2][query] GET https://serviceusage.googleapis.com/v1/projects/lakshmicocopith-14e47/services/cloudfunctions.googleapis.com [none]
[debug] [2022-11-26T06:32:43.194Z] >>> [apiv2][query] GET https://serviceusage.googleapis.com/v1/projects/lakshmicocopith-14e47/services/runtimeconfig.googleapis.com [none]
[debug] [2022-11-26T06:32:44.816Z] <<< [apiv2][status] GET https://serviceusage.googleapis.com/v1/projects/lakshmicocopith-14e47/services/cloudfunctions.googleapis.com 200
[debug] [2022-11-26T06:32:44.816Z] <<< [apiv2][body] GET https://serviceusage.googleapis.com/v1/projects/lakshmicocopith-14e47/services/cloudfunctions.googleapis.com [omitted]
[debug] [2022-11-26T06:32:44.817Z] >>> [apiv2][query] POST https://serviceusage.googleapis.com/v1/projects/lakshmicocopith-14e47/services/cloudfunctions.googleapis.com:enable [none]
[debug] [2022-11-26T06:32:44.850Z] <<< [apiv2][status] GET https://serviceusage.googleapis.com/v1/projects/lakshmicocopith-14e47/services/runtimeconfig.googleapis.com 200
[debug] [2022-11-26T06:32:44.851Z] <<< [apiv2][body] GET https://serviceusage.googleapis.com/v1/projects/lakshmicocopith-14e47/services/runtimeconfig.googleapis.com [omitted]
[debug] [2022-11-26T06:32:46.624Z] <<< [apiv2][status] POST https://serviceusage.googleapis.com/v1/projects/lakshmicocopith-14e47/services/cloudfunctions.googleapis.com:enable 200
[debug] [2022-11-26T06:32:46.625Z] <<< [apiv2][body] POST https://serviceusage.googleapis.com/v1/projects/lakshmicocopith-14e47/services/cloudfunctions.googleapis.com:enable [omitted]
[debug] [2022-11-26T06:32:56.625Z] >>> [apiv2][query] GET https://serviceusage.googleapis.com/v1/projects/lakshmicocopith-14e47/services/cloudfunctions.googleapis.com [none]
[debug] [2022-11-26T06:32:58.283Z] <<< [apiv2][status] GET https://serviceusage.googleapis.com/v1/projects/lakshmicocopith-14e47/services/cloudfunctions.googleapis.com 200
[debug] [2022-11-26T06:32:58.284Z] <<< [apiv2][body] GET https://serviceusage.googleapis.com/v1/projects/lakshmicocopith-14e47/services/cloudfunctions.googleapis.com [omitted]
[info] +  Wrote functions/package.json 
[info] +  Wrote functions/.eslintrc.js 
[info] +  Wrote functions/tsconfig.json 
[info] +  Wrote functions/tsconfig.dev.json 
[info] +  Wrote functions/src/index.ts 
[info] +  Wrote functions/.gitignore 
[info] 
=== Hosting Setup
[info] 
[info] Your public directory is the folder (relative to your project directory) that
[info] will contain Hosting assets to be uploaded with firebase deploy. If you
[info] have a build process for your assets, use your build's output directory.
[info] 
[info] +  Wrote public/404.html 
[debug] [2022-11-26T06:35:49.805Z] >>> [apiv2][query] GET https://www.gstatic.com/firebasejs/releases.json [none]
[debug] [2022-11-26T06:35:49.879Z] <<< [apiv2][status] GET https://www.gstatic.com/firebasejs/releases.json 200
[debug] [2022-11-26T06:35:49.879Z] <<< [apiv2][body] GET https://www.gstatic.com/firebasejs/releases.json {"current":{"version":"9.14.0","browserURL":"https://www.gstatic.com/firebasejs/9.14.0/firebase.js","packageURL":"https://www.gstatic.com/firebasejs/9.14.0/firebase.tgz"},"live":{"version":"9.14","browserURL":"https://www.gstatic.com/firebasejs/live/9.14/firebase.js","packageURL":"https://www.gstatic.com/firebasejs/live/9.14/firebase.tgz"},"components":{"analytics":"https://www.gstatic.com/firebasejs/9.14.0/firebase-analytics.js","app":"https://www.gstatic.com/firebasejs/9.14.0/firebase-app.js","app-check":"https://www.gstatic.com/firebasejs/9.14.0/firebase-app-check.js","auth":"https://www.gstatic.com/firebasejs/9.14.0/firebase-auth.js","auth/cordova":"https://www.gstatic.com/firebasejs/9.14.0/firebase-auth/cordova.js","auth/react-native":"https://www.gstatic.com/firebasejs/9.14.0/firebase-auth/react-native.js","functions":"https://www.gstatic.com/firebasejs/9.14.0/firebase-functions.js","firestore":"https://www.gstatic.com/firebasejs/9.14.0/firebase-firestore.js","firestore/lite":"https://www.gstatic.com/firebasejs/9.14.0/firebase-firestore/lite.js","installations":"https://www.gstatic.com/firebasejs/9.14.0/firebase-installations.js","storage":"https://www.gstatic.com/firebasejs/9.14.0/firebase-storage.js","performance":"https://www.gstatic.com/firebasejs/9.14.0/firebase-performance.js","remote-config":"https://www.gstatic.com/firebasejs/9.14.0/firebase-remote-config.js","messaging":"https://www.gstatic.com/firebasejs/9.14.0/firebase-messaging.js","messaging/sw":"https://www.gstatic.com/firebasejs/9.14.0/firebase-messaging/sw.js","database":"https://www.gstatic.com/firebasejs/9.14.0/firebase-database.js","firestore.memory":"https://www.gstatic.com/firebasejs/9.14.0/firebase-firestore.memory.js"}}
[info] +  Wrote public/index.html 
[info] 
[info] i  Didn't detect a .git folder. Assuming D:\v\lakshmiCoco is the project root. 
[info] i  Authorizing with GitHub to upload your service account to a GitHub repository's secrets store. 
[info] 
[info] Visit this URL on this device to log in:
[info] https://github.com/login/oauth/authorize?client_id=89cf50f02ac6aaed3484&state=719460462&redirect_uri=http%3A%2F%2Flocalhost%3A9005&scope=read%3Auser%20repo%20public_repo
[info] 
[info] Waiting for authentication...
[debug] [2022-11-26T06:36:08.751Z] ----------------------------------------------------------------------
[debug] [2022-11-26T06:36:08.754Z] Command:       C:\Program Files\nodejs\node.exe C:\Users\USER\AppData\Roaming\npm\node_modules\firebase-tools\lib\bin\firebase.js init
[debug] [2022-11-26T06:36:08.755Z] CLI Version:   11.8.0
[debug] [2022-11-26T06:36:08.755Z] Platform:      win32
[debug] [2022-11-26T06:36:08.755Z] Node Version:  v16.15.0
[debug] [2022-11-26T06:36:08.757Z] Time:          Sat Nov 26 2022 12:06:08 GMT+0530 (India Standard Time)
[debug] [2022-11-26T06:36:08.758Z] ----------------------------------------------------------------------
[debug] 
[debug] [2022-11-26T06:36:08.776Z] > command requires scopes: ["email","openid","https://www.googleapis.com/auth/cloudplatformprojects.readonly","https://www.googleapis.com/auth/firebase","https://www.googleapis.com/auth/cloud-platform"]
[debug] [2022-11-26T06:36:08.776Z] > authorizing via signed-in user (sathhyanbs@gmail.com)
[info] 
     ######## #### ########  ######## ########     ###     ######  ########
     ##        ##  ##     ## ##       ##     ##  ##   ##  ##       ##
     ######    ##  ########  ######   ########  #########  ######  ######
     ##        ##  ##    ##  ##       ##     ## ##     ##       ## ##
     ##       #### ##     ## ######## ########  ##     ##  ######  ########

You're about to initialize a Firebase project in this directory:

  D:\v\lakshmiCoco

